::1 - - [30/Dec/2018:11:22:35 +0000] "GET /HomePage HTTP/1.1" 200 92703 "-" "Mozilla/5.0 (Linux; Android 6.0; Nexus 5 Build/MRA58N) AppleWebKit/537.36 (KHTML, like Gecko) Chrome/71.0.3578.98 Mobile Safari/537.36"
::1 - - [30/Dec/2018:11:23:50 +0000] "GET /HomePage HTTP/1.1" 200 92708 "-" "Mozilla/5.0 (Linux; Android 6.0; Nexus 5 Build/MRA58N) AppleWebKit/537.36 (KHTML, like Gecko) Chrome/71.0.3578.98 Mobile Safari/537.36"
::1 - - [30/Dec/2018:11:25:11 +0000] "GET /HomePage HTTP/1.1" 200 92638 "-" "Mozilla/5.0 (Linux; Android 6.0; Nexus 5 Build/MRA58N) AppleWebKit/537.36 (KHTML, like Gecko) Chrome/71.0.3578.98 Mobile Safari/537.36"
::1 - - [30/Dec/2018:11:27:44 +0000] "GET /HomePage HTTP/1.1" 200 92725 "-" "Mozilla/5.0 (Linux; Android 6.0; Nexus 5 Build/MRA58N) AppleWebKit/537.36 (KHTML, like Gecko) Chrome/71.0.3578.98 Mobile Safari/537.36"
::1 - - [30/Dec/2018:11:28:01 +0000] "GET /HomePage HTTP/1.1" 200 92732 "-" "Mozilla/5.0 (Linux; Android 6.0; Nexus 5 Build/MRA58N) AppleWebKit/537.36 (KHTML, like Gecko) Chrome/71.0.3578.98 Mobile Safari/537.36"
::1 - - [30/Dec/2018:11:29:57 +0000] "GET /HomePage HTTP/1.1" 200 92733 "-" "Mozilla/5.0 (Linux; Android 6.0; Nexus 5 Build/MRA58N) AppleWebKit/537.36 (KHTML, like Gecko) Chrome/71.0.3578.98 Mobile Safari/537.36"
::1 - - [30/Dec/2018:11:31:11 +0000] "GET /HomePage HTTP/1.1" 200 92748 "-" "Mozilla/5.0 (Linux; Android 6.0; Nexus 5 Build/MRA58N) AppleWebKit/537.36 (KHTML, like Gecko) Chrome/71.0.3578.98 Mobile Safari/537.36"
::1 - - [30/Dec/2018:11:31:17 +0000] "GET /HomePage HTTP/1.1" 200 92747 "-" "Mozilla/5.0 (Linux; Android 6.0; Nexus 5 Build/MRA58N) AppleWebKit/537.36 (KHTML, like Gecko) Chrome/71.0.3578.98 Mobile Safari/537.36"
::1 - - [30/Dec/2018:11:31:58 +0000] "GET /HomePage HTTP/1.1" 200 92747 "-" "Mozilla/5.0 (Linux; Android 6.0; Nexus 5 Build/MRA58N) AppleWebKit/537.36 (KHTML, like Gecko) Chrome/71.0.3578.98 Mobile Safari/537.36"
::1 - - [30/Dec/2018:11:33:21 +0000] "GET /HomePage HTTP/1.1" 200 92747 "-" "Mozilla/5.0 (Linux; Android 6.0; Nexus 5 Build/MRA58N) AppleWebKit/537.36 (KHTML, like Gecko) Chrome/71.0.3578.98 Mobile Safari/537.36"
::1 - - [30/Dec/2018:11:34:11 +0000] "GET /HomePage HTTP/1.1" 200 92754 "-" "Mozilla/5.0 (Linux; Android 6.0; Nexus 5 Build/MRA58N) AppleWebKit/537.36 (KHTML, like Gecko) Chrome/71.0.3578.98 Mobile Safari/537.36"
::1 - - [30/Dec/2018:11:34:24 +0000] "GET /HomePage HTTP/1.1" 200 92753 "-" "Mozilla/5.0 (Linux; Android 6.0; Nexus 5 Build/MRA58N) AppleWebKit/537.36 (KHTML, like Gecko) Chrome/71.0.3578.98 Mobile Safari/537.36"
::1 - - [30/Dec/2018:11:35:09 +0000] "GET /HomePage HTTP/1.1" 200 92754 "-" "Mozilla/5.0 (Linux; Android 6.0; Nexus 5 Build/MRA58N) AppleWebKit/537.36 (KHTML, like Gecko) Chrome/71.0.3578.98 Mobile Safari/537.36"
::1 - - [30/Dec/2018:11:37:27 +0000] "GET /HomePage HTTP/1.1" 200 92776 "-" "Mozilla/5.0 (Linux; Android 6.0; Nexus 5 Build/MRA58N) AppleWebKit/537.36 (KHTML, like Gecko) Chrome/71.0.3578.98 Mobile Safari/537.36"
::1 - - [30/Dec/2018:11:41:26 +0000] "GET /HomePage HTTP/1.1" 200 92977 "-" "Mozilla/5.0 (Macintosh; Intel Mac OS X 10_12_6) AppleWebKit/537.36 (KHTML, like Gecko) Chrome/71.0.3578.98 Safari/537.36"
::1 - - [30/Dec/2018:11:42:57 +0000] "GET /HomePage HTTP/1.1" 200 93087 "-" "Mozilla/5.0 (Macintosh; Intel Mac OS X 10_12_6) AppleWebKit/537.36 (KHTML, like Gecko) Chrome/71.0.3578.98 Safari/537.36"
::1 - - [30/Dec/2018:11:44:00 +0000] "GET /HomePage HTTP/1.1" 200 93084 "-" "Mozilla/5.0 (Macintosh; Intel Mac OS X 10_12_6) AppleWebKit/537.36 (KHTML, like Gecko) Chrome/71.0.3578.98 Safari/537.36"
::1 - - [30/Dec/2018:11:46:09 +0000] "GET /HomePage HTTP/1.1" 200 93076 "-" "Mozilla/5.0 (Linux; Android 6.0; Nexus 5 Build/MRA58N) AppleWebKit/537.36 (KHTML, like Gecko) Chrome/71.0.3578.98 Mobile Safari/537.36"
::1 - - [30/Dec/2018:11:47:43 +0000] "GET /HomePage HTTP/1.1" 200 93077 "-" "Mozilla/5.0 (Macintosh; Intel Mac OS X 10_12_6) AppleWebKit/537.36 (KHTML, like Gecko) Chrome/71.0.3578.98 Safari/537.36"
::1 - - [30/Dec/2018:11:48:22 +0000] "GET /HomePage HTTP/1.1" 200 93076 "-" "Mozilla/5.0 (Macintosh; Intel Mac OS X 10_12_6) AppleWebKit/537.36 (KHTML, like Gecko) Chrome/71.0.3578.98 Safari/537.36"
::1 - - [30/Dec/2018:11:52:11 +0000] "GET /HomePage HTTP/1.1" 200 93174 "-" "Mozilla/5.0 (Linux; Android 6.0; Nexus 5 Build/MRA58N) AppleWebKit/537.36 (KHTML, like Gecko) Chrome/71.0.3578.98 Mobile Safari/537.36"
::1 - - [30/Dec/2018:11:55:28 +0000] "GET /HomePage HTTP/1.1" 200 93478 "-" "Mozilla/5.0 (Linux; Android 6.0; Nexus 5 Build/MRA58N) AppleWebKit/537.36 (KHTML, like Gecko) Chrome/71.0.3578.98 Mobile Safari/537.36"
::1 - - [30/Dec/2018:11:58:43 +0000] "GET /HomePage HTTP/1.1" 200 93799 "-" "Mozilla/5.0 (Macintosh; Intel Mac OS X 10_12_6) AppleWebKit/537.36 (KHTML, like Gecko) Chrome/71.0.3578.98 Safari/537.36"
::1 - - [30/Dec/2018:12:03:54 +0000] "GET /HomePage HTTP/1.1" 200 94127 "-" "Mozilla/5.0 (Macintosh; Intel Mac OS X 10_12_6) AppleWebKit/537.36 (KHTML, like Gecko) Chrome/71.0.3578.98 Safari/537.36"
::1 - - [01/Jan/2019:08:59:33 +0000] "GET / HTTP/1.1" 200 359 "-" "Mozilla/5.0 (Macintosh; Intel Mac OS X 10_12_6) AppleWebKit/537.36 (KHTML, like Gecko) Chrome/71.0.3578.98 Safari/537.36"
::1 - - [01/Jan/2019:08:59:33 +0000] "GET /main.css HTTP/1.1" 404 147 "http://localhost:3000/" "Mozilla/5.0 (Macintosh; Intel Mac OS X 10_12_6) AppleWebKit/537.36 (KHTML, like Gecko) Chrome/71.0.3578.98 Safari/537.36"
::1 - - [01/Jan/2019:08:59:34 +0000] "GET /favicon.ico HTTP/1.1" 404 150 "http://localhost:3000/" "Mozilla/5.0 (Macintosh; Intel Mac OS X 10_12_6) AppleWebKit/537.36 (KHTML, like Gecko) Chrome/71.0.3578.98 Safari/537.36"
::1 - - [01/Jan/2019:08:59:39 +0000] "GET /HomePage HTTP/1.1" 200 94127 "-" "Mozilla/5.0 (Macintosh; Intel Mac OS X 10_12_6) AppleWebKit/537.36 (KHTML, like Gecko) Chrome/71.0.3578.98 Safari/537.36"
::1 - - [01/Jan/2019:09:01:13 +0000] "GET /HomePage HTTP/1.1" 304 - "-" "Mozilla/5.0 (Macintosh; Intel Mac OS X 10_12_6) AppleWebKit/537.36 (KHTML, like Gecko) Chrome/71.0.3578.98 Safari/537.36"
::1 - - [01/Jan/2019:09:04:23 +0000] "GET / HTTP/1.1" 304 - "-" "Mozilla/5.0 (Macintosh; Intel Mac OS X 10_12_6) AppleWebKit/537.36 (KHTML, like Gecko) Chrome/71.0.3578.98 Safari/537.36"
::1 - - [01/Jan/2019:09:04:23 +0000] "GET /main.css HTTP/1.1" 404 147 "http://localhost:3000/" "Mozilla/5.0 (Macintosh; Intel Mac OS X 10_12_6) AppleWebKit/537.36 (KHTML, like Gecko) Chrome/71.0.3578.98 Safari/537.36"
::1 - - [01/Jan/2019:09:04:32 +0000] "GET /api/find/iran HTTP/1.1" 404 152 "-" "Mozilla/5.0 (Macintosh; Intel Mac OS X 10_12_6) AppleWebKit/537.36 (KHTML, like Gecko) Chrome/71.0.3578.98 Safari/537.36"
::1 - - [01/Jan/2019:09:04:47 +0000] "GET /api/find/iran/100 HTTP/1.1" 404 156 "-" "Mozilla/5.0 (Macintosh; Intel Mac OS X 10_12_6) AppleWebKit/537.36 (KHTML, like Gecko) Chrome/71.0.3578.98 Safari/537.36"
::1 - - [01/Jan/2019:09:04:51 +0000] "GET /api/find/iran/100 HTTP/1.1" 404 156 "-" "Mozilla/5.0 (Macintosh; Intel Mac OS X 10_12_6) AppleWebKit/537.36 (KHTML, like Gecko) Chrome/71.0.3578.98 Safari/537.36"
::1 - - [01/Jan/2019:09:05:17 +0000] "GET /api/Gettweets/find/iran/100 HTTP/1.1" 200 529470 "-" "Mozilla/5.0 (Macintosh; Intel Mac OS X 10_12_6) AppleWebKit/537.36 (KHTML, like Gecko) Chrome/71.0.3578.98 Safari/537.36"
::1 - - [06/Aug/2020:06:45:13 +0000] "GET / HTTP/1.1" 200 359 "-" "Mozilla/5.0 (Macintosh; Intel Mac OS X 10_15_5) AppleWebKit/537.36 (KHTML, like Gecko) Chrome/84.0.4147.105 Safari/537.36"
::1 - - [06/Aug/2020:06:45:13 +0000] "GET /main.css HTTP/1.1" 404 147 "http://localhost:3000/" "Mozilla/5.0 (Macintosh; Intel Mac OS X 10_15_5) AppleWebKit/537.36 (KHTML, like Gecko) Chrome/84.0.4147.105 Safari/537.36"
::1 - - [06/Aug/2020:06:45:14 +0000] "GET /favicon.ico HTTP/1.1" 404 150 "http://localhost:3000/" "Mozilla/5.0 (Macintosh; Intel Mac OS X 10_15_5) AppleWebKit/537.36 (KHTML, like Gecko) Chrome/84.0.4147.105 Safari/537.36"
::1 - - [06/Aug/2020:06:50:19 +0000] "GET / HTTP/1.1" 304 - "-" "Mozilla/5.0 (Macintosh; Intel Mac OS X 10_15_5) AppleWebKit/537.36 (KHTML, like Gecko) Chrome/84.0.4147.105 Safari/537.36"
::1 - - [06/Aug/2020:06:50:19 +0000] "GET /main.css HTTP/1.1" 404 147 "http://localhost:3000/" "Mozilla/5.0 (Macintosh; Intel Mac OS X 10_15_5) AppleWebKit/537.36 (KHTML, like Gecko) Chrome/84.0.4147.105 Safari/537.36"
::1 - - [06/Aug/2020:06:50:19 +0000] "GET / HTTP/1.1" 304 - "-" "Mozilla/5.0 (Macintosh; Intel Mac OS X 10_15_5) AppleWebKit/537.36 (KHTML, like Gecko) Chrome/84.0.4147.105 Safari/537.36"
::1 - - [06/Aug/2020:06:50:19 +0000] "GET /main.css HTTP/1.1" 404 147 "http://localhost:3000/" "Mozilla/5.0 (Macintosh; Intel Mac OS X 10_15_5) AppleWebKit/537.36 (KHTML, like Gecko) Chrome/84.0.4147.105 Safari/537.36"
::1 - - [06/Aug/2020:06:50:19 +0000] "GET / HTTP/1.1" 304 - "-" "Mozilla/5.0 (Macintosh; Intel Mac OS X 10_15_5) AppleWebKit/537.36 (KHTML, like Gecko) Chrome/84.0.4147.105 Safari/537.36"
::1 - - [06/Aug/2020:06:50:19 +0000] "GET /main.css HTTP/1.1" 404 147 "http://localhost:3000/" "Mozilla/5.0 (Macintosh; Intel Mac OS X 10_15_5) AppleWebKit/537.36 (KHTML, like Gecko) Chrome/84.0.4147.105 Safari/537.36"
::1 - - [06/Aug/2020:06:50:20 +0000] "GET / HTTP/1.1" 304 - "-" "Mozilla/5.0 (Macintosh; Intel Mac OS X 10_15_5) AppleWebKit/537.36 (KHTML, like Gecko) Chrome/84.0.4147.105 Safari/537.36"
::1 - - [06/Aug/2020:06:50:20 +0000] "GET /main.css HTTP/1.1" 404 147 "http://localhost:3000/" "Mozilla/5.0 (Macintosh; Intel Mac OS X 10_15_5) AppleWebKit/537.36 (KHTML, like Gecko) Chrome/84.0.4147.105 Safari/537.36"
::1 - - [06/Aug/2020:06:50:37 +0000] "GET / HTTP/1.1" 200 359 "-" "Mozilla/5.0 (Macintosh; Intel Mac OS X 10_15_5) AppleWebKit/537.36 (KHTML, like Gecko) Chrome/84.0.4147.105 Safari/537.36"
::1 - - [06/Aug/2020:06:50:37 +0000] "GET /main.css HTTP/1.1" 404 147 "http://localhost:4000/" "Mozilla/5.0 (Macintosh; Intel Mac OS X 10_15_5) AppleWebKit/537.36 (KHTML, like Gecko) Chrome/84.0.4147.105 Safari/537.36"
::1 - - [06/Aug/2020:06:50:37 +0000] "GET /favicon.ico HTTP/1.1" 404 150 "http://localhost:4000/" "Mozilla/5.0 (Macintosh; Intel Mac OS X 10_15_5) AppleWebKit/537.36 (KHTML, like Gecko) Chrome/84.0.4147.105 Safari/537.36"
::1 - - [06/Aug/2020:07:05:12 +0000] "GET / HTTP/1.1" 304 - "-" "Mozilla/5.0 (Macintosh; Intel Mac OS X 10_15_5) AppleWebKit/537.36 (KHTML, like Gecko) Chrome/84.0.4147.105 Safari/537.36"
::1 - - [06/Aug/2020:07:05:12 +0000] "GET /main.css HTTP/1.1" 404 147 "http://localhost:4000/" "Mozilla/5.0 (Macintosh; Intel Mac OS X 10_15_5) AppleWebKit/537.36 (KHTML, like Gecko) Chrome/84.0.4147.105 Safari/537.36"
::1 - - [06/Aug/2020:07:05:21 +0000] "GET /HomePage HTTP/1.1" 200 94127 "-" "Mozilla/5.0 (Macintosh; Intel Mac OS X 10_15_5) AppleWebKit/537.36 (KHTML, like Gecko) Chrome/84.0.4147.105 Safari/537.36"
